Using pre-set license
Built from '2021.3/release' branch; Version is '2021.3.17f1 (3e8111cac19d) revision 4096273'; Using compiler version '192829333'; Build Type 'Release'
OS: 'Windows 11  (10.0.22621) 64bit Core' Language: 'en' Physical Memory: 16178 MB
BatchMode: 1, IsHumanControllingUs: 0, StartBugReporterOnCrash: 0, Is64bit: 1, IsPro: 1

COMMAND LINE ARGUMENTS:
D:\Unity\2021.3.17f1\Editor\Unity.exe
-adb2
-batchMode
-noUpm
-name
AssetImportWorker5
-projectPath
D:/VR Final Project/VR_Final_Project/My project
-logFile
Logs/AssetImportWorker5.log
-srvPort
54771
Successfully changed project path to: D:/VR Final Project/VR_Final_Project/My project
D:/VR Final Project/VR_Final_Project/My project
[UnityMemory] Configuration Parameters - Can be set up in boot.config
    "memorysetup-bucket-allocator-granularity=16"
    "memorysetup-bucket-allocator-bucket-count=8"
    "memorysetup-bucket-allocator-block-size=33554432"
    "memorysetup-bucket-allocator-block-count=8"
    "memorysetup-main-allocator-block-size=16777216"
    "memorysetup-thread-allocator-block-size=16777216"
    "memorysetup-gfx-main-allocator-block-size=16777216"
    "memorysetup-gfx-thread-allocator-block-size=16777216"
    "memorysetup-cache-allocator-block-size=4194304"
    "memorysetup-typetree-allocator-block-size=2097152"
    "memorysetup-profiler-bucket-allocator-granularity=16"
    "memorysetup-profiler-bucket-allocator-bucket-count=8"
    "memorysetup-profiler-bucket-allocator-block-size=33554432"
    "memorysetup-profiler-bucket-allocator-block-count=8"
    "memorysetup-profiler-allocator-block-size=16777216"
    "memorysetup-profiler-editor-allocator-block-size=1048576"
    "memorysetup-temp-allocator-size-main=16777216"
    "memorysetup-job-temp-allocator-block-size=2097152"
    "memorysetup-job-temp-allocator-block-size-background=1048576"
    "memorysetup-job-temp-allocator-reduction-small-platforms=262144"
    "memorysetup-temp-allocator-size-background-worker=32768"
    "memorysetup-temp-allocator-size-job-worker=262144"
    "memorysetup-temp-allocator-size-preload-manager=33554432"
    "memorysetup-temp-allocator-size-nav-mesh-worker=65536"
    "memorysetup-temp-allocator-size-audio-worker=65536"
    "memorysetup-temp-allocator-size-cloud-worker=32768"
    "memorysetup-temp-allocator-size-gi-baking-worker=262144"
    "memorysetup-temp-allocator-size-gfx=262144"
Player connection [25164] Host "[IP] 192.168.1.125 [Port] 0 [Flags] 2 [Guid] 1166237448 [EditorId] 1166237448 [Version] 1048832 [Id] WindowsEditor(7,DESKTOP-R0GLRF6) [Debug] 1 [PackageName] WindowsEditor [ProjectName] Editor" joined multi-casting on [225.0.0.222:54997]...

Player connection [25164] Host "[IP] 192.168.1.125 [Port] 0 [Flags] 2 [Guid] 1166237448 [EditorId] 1166237448 [Version] 1048832 [Id] WindowsEditor(7,DESKTOP-R0GLRF6) [Debug] 1 [PackageName] WindowsEditor [ProjectName] Editor" joined alternative multi-casting on [225.0.0.222:34997]...

Refreshing native plugins compatible for Editor in 130.02 ms, found 4 plugins.
Preloading 0 native plugins for Editor in 0.00 ms.
Initialize engine version: 2021.3.17f1 (3e8111cac19d)
[Subsystems] Discovering subsystems at path D:/Unity/2021.3.17f1/Editor/Data/Resources/UnitySubsystems
[Subsystems] Discovering subsystems at path D:/VR Final Project/VR_Final_Project/My project/Assets
GfxDevice: creating device client; threaded=0; jobified=0
Direct3D:
    Version:  Direct3D 11.0 [level 11.1]
    Renderer: NVIDIA GeForce GTX 1660 Ti (ID=0x2191)
    Vendor:   NVIDIA
    VRAM:     5991 MB
    Driver:   31.0.15.1700
Initialize mono
Mono path[0] = 'D:/Unity/2021.3.17f1/Editor/Data/Managed'
Mono path[1] = 'D:/Unity/2021.3.17f1/Editor/Data/MonoBleedingEdge/lib/mono/unityjit-win32'
Mono config path = 'D:/Unity/2021.3.17f1/Editor/Data/MonoBleedingEdge/etc'
Using monoOptions --debugger-agent=transport=dt_socket,embedding=1,server=y,suspend=n,address=127.0.0.1:56424
Begin MonoManager ReloadAssembly
Registering precompiled unity dll's ...
Register platform support module: D:/Unity/2021.3.17f1/Editor/Data/PlaybackEngines/AndroidPlayer/UnityEditor.Android.Extensions.dll
Register platform support module: D:/Unity/2021.3.17f1/Editor/Data/PlaybackEngines/WindowsStandaloneSupport/UnityEditor.WindowsStandalone.Extensions.dll
Registered in 0.001930 seconds.
Native extension for WindowsStandalone target not found
Native extension for Android target not found
Android Extension - Scanning For ADB Devices 287 ms
Refreshing native plugins compatible for Editor in 119.97 ms, found 4 plugins.
Preloading 0 native plugins for Editor in 0.00 ms.
Mono: successfully reloaded assembly
- Completed reload, in  0.969 seconds
Domain Reload Profiling:
	ReloadAssembly (969ms)
		BeginReloadAssembly (63ms)
			ExecutionOrderSort (0ms)
			DisableScriptedObjects (0ms)
			BackupInstance (0ms)
			ReleaseScriptingObjects (0ms)
			CreateAndSetChildDomain (1ms)
		EndReloadAssembly (801ms)
			LoadAssemblies (62ms)
			RebuildTransferFunctionScriptingTraits (0ms)
			SetupTypeCache (104ms)
			ReleaseScriptCaches (0ms)
			RebuildScriptCaches (29ms)
			SetupLoadedEditorAssemblies (624ms)
				LogAssemblyErrors (0ms)
				InitializePlatformSupportModulesInManaged (369ms)
				SetLoadedEditorAssemblies (0ms)
				RefreshPlugins (120ms)
				BeforeProcessingInitializeOnLoad (1ms)
				ProcessInitializeOnLoadAttributes (89ms)
				ProcessInitializeOnLoadMethodAttributes (44ms)
				AfterProcessingInitializeOnLoad (0ms)
				EditorAssembliesLoaded (0ms)
			ExecutionOrderSort2 (0ms)
			AwakeInstancesAfterBackupRestoration (0ms)
Platform modules already initialized, skipping
Registering precompiled user dll's ...
Registered in 0.004389 seconds.
Begin MonoManager ReloadAssembly
Symbol file LoadedFromMemory doesn't match image D:\VR Final Project\VR_Final_Project\My project\Library\PackageCache\com.unity.visualscripting@1.8.0\Editor\VisualScripting.Core\Dependencies\YamlDotNet\Unity.VisualScripting.YamlDotNet.dll
Symbol file LoadedFromMemory doesn't match image D:\VR Final Project\VR_Final_Project\My project\Library\PackageCache\com.unity.visualscripting@1.8.0\Editor\VisualScripting.Core\Dependencies\DotNetZip\Unity.VisualScripting.IonicZip.dll
Native extension for WindowsStandalone target not found
Native extension for Android target not found
Refreshing native plugins compatible for Editor in 117.88 ms, found 4 plugins.
Preloading 0 native plugins for Editor in 0.00 ms.
Package Manager log level set to [2]
Mono: successfully reloaded assembly
- Completed reload, in  2.661 seconds
Domain Reload Profiling:
	ReloadAssembly (2662ms)
		BeginReloadAssembly (110ms)
			ExecutionOrderSort (0ms)
			DisableScriptedObjects (7ms)
			BackupInstance (0ms)
			ReleaseScriptingObjects (0ms)
			CreateAndSetChildDomain (24ms)
		EndReloadAssembly (2374ms)
			LoadAssemblies (1077ms)
			RebuildTransferFunctionScriptingTraits (0ms)
			SetupTypeCache (359ms)
			ReleaseScriptCaches (1ms)
			RebuildScriptCaches (67ms)
			SetupLoadedEditorAssemblies (801ms)
				LogAssemblyErrors (0ms)
				InitializePlatformSupportModulesInManaged (14ms)
				SetLoadedEditorAssemblies (0ms)
				RefreshPlugins (118ms)
				BeforeProcessingInitializeOnLoad (115ms)
				ProcessInitializeOnLoadAttributes (412ms)
				ProcessInitializeOnLoadMethodAttributes (139ms)
				AfterProcessingInitializeOnLoad (2ms)
				EditorAssembliesLoaded (0ms)
			ExecutionOrderSort2 (0ms)
			AwakeInstancesAfterBackupRestoration (7ms)
Platform modules already initialized, skipping
========================================================================
Worker process is ready to serve import requests
Launched and connected shader compiler UnityShaderCompiler.exe after 0.09 seconds
Refreshing native plugins compatible for Editor in 2.10 ms, found 4 plugins.
Preloading 0 native plugins for Editor in 0.00 ms.
Unloading 4813 Unused Serialized files (Serialized files now loaded: 0)
Unloading 40 unused Assets / (1.2 MB). Loaded Objects now: 5292.
Memory consumption went from 206.7 MB to 205.5 MB.
Total: 4.355700 ms (FindLiveObjects: 0.392700 ms CreateObjectMapping: 0.314100 ms MarkObjects: 3.003100 ms  DeleteObjects: 0.644500 ms)

AssetImportParameters requested are different than current active one (requested -> active):
  custom:video-decoder-ogg-theora: a1e56fd34408186e4bbccfd4996cb3dc -> 
  custom:container-muxer-webm: aa71ff27fc2769a1b78a27578f13a17b -> 
  custom:container-demuxer-webm: 4f35f7cbe854078d1ac9338744f61a02 -> 
  custom:video-encoder-webm-vp8: eb34c28f22e8b96e1ab97ce403110664 -> 
  custom:video-codec-MediaFoundation-h265: 746d11721c4dcdbdad8f713fa42b33f4 -> 
  custom:audio-encoder-webm-vorbis: bf7c407c2cedff20999df2af8eb42d56 -> 
  custom:framework-win-MediaFoundation: 216162199b28c13a410421893ffa2e32 -> 
  custom:container-demuxer-ogg: 62fdf1f143b41e24485cea50d1cbac27 -> 
  custom:video-decoder-webm-vp8: 9c59270c3fd7afecdb556c50c9e8de78 -> 
  custom:audio-decoder-ogg-vorbis: bf7c407c2cedff20999df2af8eb42d56 -> 
========================================================================
Received Import Request.
  Time since last request: 157076.349165 seconds.
  path: Assets/Imported Assets/ElectricGuitars/ElectricGuitar_st/Prefab/ElectricGuitar_st.prefab
  artifactKey: Guid(a8d53702db3c4f24db9805f2662d6c37) Importer(815301076,1909f56bfc062723c751e8b465ee728b)
Start importing Assets/Imported Assets/ElectricGuitars/ElectricGuitar_st/Prefab/ElectricGuitar_st.prefab using Guid(a8d53702db3c4f24db9805f2662d6c37) Importer(815301076,1909f56bfc062723c751e8b465ee728b)  -> (artifact id: 'a834b739ceb182565571f39c44a4c973') in 0.136144 seconds 
========================================================================
Received Import Request.
  Time since last request: 62.799209 seconds.
  path: Assets/Pictures/YellowCard/264x264 (1).jpg
  artifactKey: Guid(cf6a0b8b9c9d9934c91dca1ec2d50b8d) Importer(815301076,1909f56bfc062723c751e8b465ee728b)
Start importing Assets/Pictures/YellowCard/264x264 (1).jpg using Guid(cf6a0b8b9c9d9934c91dca1ec2d50b8d) Importer(815301076,1909f56bfc062723c751e8b465ee728b)  -> (artifact id: '85d773f0e0a31d154304fd85942ba023') in 0.023626 seconds 
========================================================================
Received Import Request.
  Time since last request: 0.000019 seconds.
  path: Assets/Pictures/YellowCard/image-asset.jpeg
  artifactKey: Guid(986696574be7d7c4d82d1df62ae214c7) Importer(815301076,1909f56bfc062723c751e8b465ee728b)
Start importing Assets/Pictures/YellowCard/image-asset.jpeg using Guid(986696574be7d7c4d82d1df62ae214c7) Importer(815301076,1909f56bfc062723c751e8b465ee728b)  -> (artifact id: '81e7b580163e37b389bbb51294815495') in 0.014871 seconds 
========================================================================
Received Import Request.
  Time since last request: 0.000049 seconds.
  path: Assets/Pictures/YellowCard/Yellowcard-_Ocean_Ave_single.jpg
  artifactKey: Guid(b52d5afeb5da06a40841076d9a01169b) Importer(815301076,1909f56bfc062723c751e8b465ee728b)
Start importing Assets/Pictures/YellowCard/Yellowcard-_Ocean_Ave_single.jpg using Guid(b52d5afeb5da06a40841076d9a01169b) Importer(815301076,1909f56bfc062723c751e8b465ee728b)  -> (artifact id: '65d0242276ed29f3e10546022d4bd192') in 0.011735 seconds 
========================================================================
Received Import Request.
  Time since last request: 0.000027 seconds.
  path: Assets/Pictures/YellowCard/image-asset (1).jpeg
  artifactKey: Guid(5229ef21fa75c654c87e6dfa581d63c8) Importer(815301076,1909f56bfc062723c751e8b465ee728b)
Start importing Assets/Pictures/YellowCard/image-asset (1).jpeg using Guid(5229ef21fa75c654c87e6dfa581d63c8) Importer(815301076,1909f56bfc062723c751e8b465ee728b)  -> (artifact id: 'd598d7fa7866c2f7224c4d4f359fd2ee') in 0.011029 seconds 
========================================================================
Received Import Request.
  Time since last request: 0.000036 seconds.
  path: Assets/Pictures/YellowCard/264x264.jpg
  artifactKey: Guid(f3089bedd0d468040b4e838dd4d7534e) Importer(815301076,1909f56bfc062723c751e8b465ee728b)
Start importing Assets/Pictures/YellowCard/264x264.jpg using Guid(f3089bedd0d468040b4e838dd4d7534e) Importer(815301076,1909f56bfc062723c751e8b465ee728b)  -> (artifact id: '45eb8cf247d107fcaeb7128010082367') in 0.010854 seconds 
========================================================================
Received Import Request.
  Time since last request: 782.042445 seconds.
  path: Assets/PreFabs/Arrows.prefab
  artifactKey: Guid(3056dd0ee8d6c4869819c32e2b109472) Importer(815301076,1909f56bfc062723c751e8b465ee728b)
Start importing Assets/PreFabs/Arrows.prefab using Guid(3056dd0ee8d6c4869819c32e2b109472) Importer(815301076,1909f56bfc062723c751e8b465ee728b)  -> (artifact id: '5aedc7569c21acb00fc437036e999fef') in 0.018207 seconds 
========================================================================
Received Import Request.
  Time since last request: 0.000024 seconds.
  path: Assets/PreFabs/Edge.prefab
  artifactKey: Guid(ce4bb7070797e44f1b77d512cb15fac1) Importer(815301076,1909f56bfc062723c751e8b465ee728b)
Start importing Assets/PreFabs/Edge.prefab using Guid(ce4bb7070797e44f1b77d512cb15fac1) Importer(815301076,1909f56bfc062723c751e8b465ee728b)  -> (artifact id: '452b2112921ee58ec10c8c11c9181004') in 0.006123 seconds 
========================================================================
Received Import Request.
  Time since last request: 0.000023 seconds.
  path: Assets/PreFabs/HighLight.prefab
  artifactKey: Guid(df76149d43a5e4fb7aa3d45b87b79b12) Importer(815301076,1909f56bfc062723c751e8b465ee728b)
Start importing Assets/PreFabs/HighLight.prefab using Guid(df76149d43a5e4fb7aa3d45b87b79b12) Importer(815301076,1909f56bfc062723c751e8b465ee728b)  -> (artifact id: '17878842e793739eeced00112645d7b9') in 0.012473 seconds 
========================================================================
Received Import Request.
  Time since last request: 0.000015 seconds.
  path: Assets/PreFabs/Guitar.prefab
  artifactKey: Guid(e29a480a127f6d344a7fb0efcb24dd73) Importer(815301076,1909f56bfc062723c751e8b465ee728b)
Start importing Assets/PreFabs/Guitar.prefab using Guid(e29a480a127f6d344a7fb0efcb24dd73) Importer(815301076,1909f56bfc062723c751e8b465ee728b)  -> (artifact id: '574414c7709207f15cd9e03d397736c2') in 0.017309 seconds 
========================================================================
Received Import Request.
  Time since last request: 0.000020 seconds.
  path: Assets/PreFabs/SupportColumn.prefab
  artifactKey: Guid(68f4707d1f9f2461d941b201240f3438) Importer(815301076,1909f56bfc062723c751e8b465ee728b)
Start importing Assets/PreFabs/SupportColumn.prefab using Guid(68f4707d1f9f2461d941b201240f3438) Importer(815301076,1909f56bfc062723c751e8b465ee728b)  -> (artifact id: '7d3c78c822a4eb2d3c83530bfdfcf5ad') in 0.011869 seconds 
========================================================================
Received Import Request.
  Time since last request: 0.000019 seconds.
  path: Assets/PreFabs/Wall.prefab
  artifactKey: Guid(45c92cde9c8e0dc42bb46278f073e4f8) Importer(815301076,1909f56bfc062723c751e8b465ee728b)
Start importing Assets/PreFabs/Wall.prefab using Guid(45c92cde9c8e0dc42bb46278f073e4f8) Importer(815301076,1909f56bfc062723c751e8b465ee728b)  -> (artifact id: '757c0507ceb1aac6d678da6fc084f24f') in 0.013402 seconds 
========================================================================
Received Import Request.
  Time since last request: 987.109305 seconds.
  path: Assets/Textures/AmpTGA.tga
  artifactKey: Guid(7c069af8ce84c64448a462fb2bfcf971) Importer(815301076,1909f56bfc062723c751e8b465ee728b)
Start importing Assets/Textures/AmpTGA.tga using Guid(7c069af8ce84c64448a462fb2bfcf971) Importer(815301076,1909f56bfc062723c751e8b465ee728b)  -> (artifact id: 'e3f5cfdeff5c86ac3d8dcb55ca6a0f63') in 0.032496 seconds 
========================================================================
Received Import Request.
  Time since last request: 85.720112 seconds.
  path: Assets/Imported Assets/LowPolyProps/Prefabs/props_123.prefab
  artifactKey: Guid(0404648e5ebcb3c45a7fad24720c1870) Importer(815301076,1909f56bfc062723c751e8b465ee728b)
Start importing Assets/Imported Assets/LowPolyProps/Prefabs/props_123.prefab using Guid(0404648e5ebcb3c45a7fad24720c1870) Importer(815301076,1909f56bfc062723c751e8b465ee728b)  -> (artifact id: '0aaad778eb73058ff6c1678276ade19b') in 0.013029 seconds 
========================================================================
Received Import Request.
  Time since last request: 0.000024 seconds.
  path: Assets/Imported Assets/LowPolyProps/Prefabs/props_140.prefab
  artifactKey: Guid(e2831f5f4452fb34e8478c82ed21152e) Importer(815301076,1909f56bfc062723c751e8b465ee728b)
Start importing Assets/Imported Assets/LowPolyProps/Prefabs/props_140.prefab using Guid(e2831f5f4452fb34e8478c82ed21152e) Importer(815301076,1909f56bfc062723c751e8b465ee728b)  -> (artifact id: '85a5e33550c4827e230a5b3546d0b415') in 0.011744 seconds 
========================================================================
Received Import Request.
  Time since last request: 0.000017 seconds.
  path: Assets/Imported Assets/LowPolyProps/Prefabs/props_132.prefab
  artifactKey: Guid(a943d172130164d4eb33c78dd107c2a9) Importer(815301076,1909f56bfc062723c751e8b465ee728b)
Start importing Assets/Imported Assets/LowPolyProps/Prefabs/props_132.prefab using Guid(a943d172130164d4eb33c78dd107c2a9) Importer(815301076,1909f56bfc062723c751e8b465ee728b)  -> (artifact id: '82a6747006d1f5db84104f40eba545f2') in 0.011983 seconds 
========================================================================
Received Import Request.
  Time since last request: 0.000018 seconds.
  path: Assets/Imported Assets/LowPolyProps/Prefabs/props_136.prefab
  artifactKey: Guid(482ef3b8ed62e0a43bc76b79f5875ef9) Importer(815301076,1909f56bfc062723c751e8b465ee728b)
Start importing Assets/Imported Assets/LowPolyProps/Prefabs/props_136.prefab using Guid(482ef3b8ed62e0a43bc76b79f5875ef9) Importer(815301076,1909f56bfc062723c751e8b465ee728b)  -> (artifact id: '3e794273f293fec65acc7e156f07596b') in 0.012607 seconds 
========================================================================
Received Import Request.
  Time since last request: 0.000016 seconds.
  path: Assets/Imported Assets/LowPolyProps/Prefabs/props_131a.prefab
  artifactKey: Guid(262559e1580ebd249a3ee2d678ea4802) Importer(815301076,1909f56bfc062723c751e8b465ee728b)
Start importing Assets/Imported Assets/LowPolyProps/Prefabs/props_131a.prefab using Guid(262559e1580ebd249a3ee2d678ea4802) Importer(815301076,1909f56bfc062723c751e8b465ee728b)  -> (artifact id: '44d3388b1e03f3923bfeb24c57d1c9cc') in 0.012578 seconds 
========================================================================
Received Import Request.
  Time since last request: 0.000016 seconds.
  path: Assets/Imported Assets/LowPolyProps/Prefabs/props_128.prefab
  artifactKey: Guid(7b0e5e6d008b73c48b854fb99669ad7b) Importer(815301076,1909f56bfc062723c751e8b465ee728b)
Start importing Assets/Imported Assets/LowPolyProps/Prefabs/props_128.prefab using Guid(7b0e5e6d008b73c48b854fb99669ad7b) Importer(815301076,1909f56bfc062723c751e8b465ee728b)  -> (artifact id: '3fef5a8d014ccfe45cd2482fe930dff0') in 0.012811 seconds 
========================================================================
Received Import Request.
  Time since last request: 0.000019 seconds.
  path: Assets/Imported Assets/LowPolyProps/Prefabs/props_143.prefab
  artifactKey: Guid(f2538c2f94c6a444cac505164e63532e) Importer(815301076,1909f56bfc062723c751e8b465ee728b)
Start importing Assets/Imported Assets/LowPolyProps/Prefabs/props_143.prefab using Guid(f2538c2f94c6a444cac505164e63532e) Importer(815301076,1909f56bfc062723c751e8b465ee728b)  -> (artifact id: '2b9d56009f37af85fa18aa9e2f38464f') in 0.013318 seconds 
========================================================================
Received Import Request.
  Time since last request: 0.000056 seconds.
  path: Assets/Imported Assets/LowPolyProps/Prefabs/props_141.prefab
  artifactKey: Guid(0a53334a8899a4f4298259b8e7a2ff15) Importer(815301076,1909f56bfc062723c751e8b465ee728b)
Start importing Assets/Imported Assets/LowPolyProps/Prefabs/props_141.prefab using Guid(0a53334a8899a4f4298259b8e7a2ff15) Importer(815301076,1909f56bfc062723c751e8b465ee728b)  -> (artifact id: '05c6479fe2481d491c914ce46dc50b10') in 0.012651 seconds 
========================================================================
Received Import Request.
  Time since last request: 0.000021 seconds.
  path: Assets/Imported Assets/LowPolyProps/Prefabs/props_124.prefab
  artifactKey: Guid(efb2660ede2cfaf4585be93bee95c41c) Importer(815301076,1909f56bfc062723c751e8b465ee728b)
Start importing Assets/Imported Assets/LowPolyProps/Prefabs/props_124.prefab using Guid(efb2660ede2cfaf4585be93bee95c41c) Importer(815301076,1909f56bfc062723c751e8b465ee728b)  -> (artifact id: '71068d9010f92a0daceaf7ce0cc2f55a') in 0.012500 seconds 
========================================================================
Received Import Request.
  Time since last request: 0.000018 seconds.
  path: Assets/Imported Assets/LowPolyProps/Prefabs/props_142.prefab
  artifactKey: Guid(31ad6501d2aafe447a9ee4ad6eec39b9) Importer(815301076,1909f56bfc062723c751e8b465ee728b)
Start importing Assets/Imported Assets/LowPolyProps/Prefabs/props_142.prefab using Guid(31ad6501d2aafe447a9ee4ad6eec39b9) Importer(815301076,1909f56bfc062723c751e8b465ee728b)  -> (artifact id: '3664e53e2f06e1df11b5dbf4824e90cd') in 0.015262 seconds 
========================================================================
Received Import Request.
  Time since last request: 0.000020 seconds.
  path: Assets/Imported Assets/LowPolyProps/Prefabs/props_133a.prefab
  artifactKey: Guid(6826028367ed8ac4884cc53dd23f546c) Importer(815301076,1909f56bfc062723c751e8b465ee728b)
Start importing Assets/Imported Assets/LowPolyProps/Prefabs/props_133a.prefab using Guid(6826028367ed8ac4884cc53dd23f546c) Importer(815301076,1909f56bfc062723c751e8b465ee728b)  -> (artifact id: '4364874f1fba62cc52385029d3ac0fef') in 0.012500 seconds 
========================================================================
Received Import Request.
  Time since last request: 0.000023 seconds.
  path: Assets/Imported Assets/LowPolyProps/Prefabs/props_130a.prefab
  artifactKey: Guid(c9f9a602f0867f64388fa8218740c745) Importer(815301076,1909f56bfc062723c751e8b465ee728b)
Start importing Assets/Imported Assets/LowPolyProps/Prefabs/props_130a.prefab using Guid(c9f9a602f0867f64388fa8218740c745) Importer(815301076,1909f56bfc062723c751e8b465ee728b)  -> (artifact id: 'fc9df93102996835ea9185242a22ee6e') in 0.012881 seconds 
========================================================================
Received Import Request.
  Time since last request: 0.000019 seconds.
  path: Assets/Imported Assets/LowPolyProps/Prefabs/props_127a.prefab
  artifactKey: Guid(7ab14423c4f5c5d408982ec54cd6ea2d) Importer(815301076,1909f56bfc062723c751e8b465ee728b)
Start importing Assets/Imported Assets/LowPolyProps/Prefabs/props_127a.prefab using Guid(7ab14423c4f5c5d408982ec54cd6ea2d) Importer(815301076,1909f56bfc062723c751e8b465ee728b)  -> (artifact id: '808a3a63c5d3e5acec79b02af2b45d57') in 0.013505 seconds 
========================================================================
Received Import Request.
  Time since last request: 0.000016 seconds.
  path: Assets/Imported Assets/LowPolyProps/Prefabs/props_133.prefab
  artifactKey: Guid(27cd4e6544606234a8d44baa6bcfe75c) Importer(815301076,1909f56bfc062723c751e8b465ee728b)
Start importing Assets/Imported Assets/LowPolyProps/Prefabs/props_133.prefab using Guid(27cd4e6544606234a8d44baa6bcfe75c) Importer(815301076,1909f56bfc062723c751e8b465ee728b)  -> (artifact id: '8683b64948befddcc2aff7a756692aa7') in 0.012814 seconds 
========================================================================
Received Import Request.
  Time since last request: 0.000027 seconds.
  path: Assets/Imported Assets/LowPolyProps/Prefabs/props_148.prefab
  artifactKey: Guid(c7b710ea7b440f24f9abdb8d7a84975b) Importer(815301076,1909f56bfc062723c751e8b465ee728b)
Start importing Assets/Imported Assets/LowPolyProps/Prefabs/props_148.prefab using Guid(c7b710ea7b440f24f9abdb8d7a84975b) Importer(815301076,1909f56bfc062723c751e8b465ee728b)  -> (artifact id: 'd16c05a6baa1d0c9f88bbf9f014cae1c') in 0.020032 seconds 
========================================================================
Received Import Request.
  Time since last request: 0.000040 seconds.
  path: Assets/Imported Assets/LowPolyProps/Prefabs/props_128a.prefab
  artifactKey: Guid(cd479c1c2c533d94cb2eaeadd7fef363) Importer(815301076,1909f56bfc062723c751e8b465ee728b)
Start importing Assets/Imported Assets/LowPolyProps/Prefabs/props_128a.prefab using Guid(cd479c1c2c533d94cb2eaeadd7fef363) Importer(815301076,1909f56bfc062723c751e8b465ee728b)  -> (artifact id: '813c44d69d9230e3d1e6fcaf5fde79ca') in 0.013851 seconds 
========================================================================
Received Import Request.
  Time since last request: 0.000016 seconds.
  path: Assets/Imported Assets/LowPolyProps/Prefabs/props_139.prefab
  artifactKey: Guid(20da682804671374b8d93e3516b1dc48) Importer(815301076,1909f56bfc062723c751e8b465ee728b)
Start importing Assets/Imported Assets/LowPolyProps/Prefabs/props_139.prefab using Guid(20da682804671374b8d93e3516b1dc48) Importer(815301076,1909f56bfc062723c751e8b465ee728b)  -> (artifact id: '0ff96cf56842bd39c72ffb6116b39b09') in 0.012576 seconds 
========================================================================
Received Import Request.
  Time since last request: 0.000016 seconds.
  path: Assets/Imported Assets/LowPolyProps/Prefabs/props_150.prefab
  artifactKey: Guid(08218cbec5082794ea670641812e8b38) Importer(815301076,1909f56bfc062723c751e8b465ee728b)
Start importing Assets/Imported Assets/LowPolyProps/Prefabs/props_150.prefab using Guid(08218cbec5082794ea670641812e8b38) Importer(815301076,1909f56bfc062723c751e8b465ee728b)  -> (artifact id: 'ac206e6db4c85b1cc83610b9b84ada4e') in 0.015544 seconds 
========================================================================
Received Import Request.
  Time since last request: 219.569077 seconds.
  path: Assets/Imported Assets/Barricade/Barricades.fbx
  artifactKey: Guid(a1ae189e51e352c4fa15728d5285ee7a) Importer(815301076,1909f56bfc062723c751e8b465ee728b)
Start importing Assets/Imported Assets/Barricade/Barricades.fbx using Guid(a1ae189e51e352c4fa15728d5285ee7a) Importer(815301076,1909f56bfc062723c751e8b465ee728b)  -> (artifact id: 'd2d5a2f06478b74051243508c69588ef') in 0.035560 seconds 
========================================================================
Received Import Request.
  Time since last request: 0.000022 seconds.
  path: Assets/Imported Assets/Barricade/Barricades_S.tga
  artifactKey: Guid(4f58fe05378bff14d8018da8e0d173b0) Importer(815301076,1909f56bfc062723c751e8b465ee728b)
Start importing Assets/Imported Assets/Barricade/Barricades_S.tga using Guid(4f58fe05378bff14d8018da8e0d173b0) Importer(815301076,1909f56bfc062723c751e8b465ee728b)  -> (artifact id: 'e43b037fa2aceaa4ee142ff07e2e5fd1') in 0.010236 seconds 
========================================================================
Received Import Request.
  Time since last request: 69.711806 seconds.
  path: Assets/Imported Assets/Sci-Fi Styled Modular Pack/Prefabs/Stairs/stairs_small.prefab
  artifactKey: Guid(67da585b6785b484dabda72df240d375) Importer(815301076,1909f56bfc062723c751e8b465ee728b)
Start importing Assets/Imported Assets/Sci-Fi Styled Modular Pack/Prefabs/Stairs/stairs_small.prefab using Guid(67da585b6785b484dabda72df240d375) Importer(815301076,1909f56bfc062723c751e8b465ee728b)  -> (artifact id: '1f3c0664cb944e7b863cb892aee2bc03') in 0.027340 seconds 
========================================================================
Received Import Request.
  Time since last request: 0.000021 seconds.
  path: Assets/Imported Assets/Sci-Fi Styled Modular Pack/Prefabs/Stairs/stairs_small_with_emmision.prefab
  artifactKey: Guid(8da4079fb873f6b458c21ed4e56da94b) Importer(815301076,1909f56bfc062723c751e8b465ee728b)
Start importing Assets/Imported Assets/Sci-Fi Styled Modular Pack/Prefabs/Stairs/stairs_small_with_emmision.prefab using Guid(8da4079fb873f6b458c21ed4e56da94b) Importer(815301076,1909f56bfc062723c751e8b465ee728b)  -> (artifact id: 'bd419b1c192341ac4cae2b1f3aac0b7a') in 0.023962 seconds 
========================================================================
Received Import Request.
  Time since last request: 0.000025 seconds.
  path: Assets/Imported Assets/Sci-Fi Styled Modular Pack/Prefabs/Stairs/stairs_small_no_emmision.prefab
  artifactKey: Guid(0c91b5c5fed08f94eafb357c328bca9d) Importer(815301076,1909f56bfc062723c751e8b465ee728b)
Start importing Assets/Imported Assets/Sci-Fi Styled Modular Pack/Prefabs/Stairs/stairs_small_no_emmision.prefab using Guid(0c91b5c5fed08f94eafb357c328bca9d) Importer(815301076,1909f56bfc062723c751e8b465ee728b)  -> (artifact id: '5128d034f25605c248df958ee53c6c8f') in 0.018532 seconds 
